<?xml version="1.0" encoding="UTF-8"?>
<!-- Generated by org.testng.reporters.JUnitReportReporter -->
<testsuite hostname="Orwell" name="practicalSeExample.GoogleLogin" tests="1" failures="0" timestamp="7 May 2016 20:47:30 GMT" time="12.488" errors="0">
  <testcase name="login" time="12.488" classname="practicalSeExample.GoogleLogin"/>
</testsuite> <!-- practicalSeExample.GoogleLogin -->
