<?xml version="1.0" encoding="UTF-8"?>
<!-- Generated by org.testng.reporters.JUnitReportReporter -->
<testsuite hostname="Orwell" name="practicalSeExample.GoogleLogin" tests="1" failures="0" timestamp="7 May 2016 23:21:18 GMT" time="1.581" errors="0">
  <testcase name="login" time="1.581" classname="practicalSeExample.GoogleLogin"/>
</testsuite> <!-- practicalSeExample.GoogleLogin -->
